<?xml version="1.0" encoding="UTF-8"?>
<!-- Generated by org.testng.reporters.JUnitReportReporter -->
<testsuite hostname="INHYLP0031" failures="0" tests="1" name="store.GetStoreControllers3821562049318632" time="3.422" errors="0" timestamp="2023-06-23T17:08:19 IST" skipped="0">
  <testcase classname="store.GetStoreControllers3821562049318632" name="getController" time="3.422"/>
  <system-out/>
</testsuite> <!-- store.GetStoreControllers3821562049318632 -->
