<?xml version="1.0" encoding="UTF-8"?>
<!-- Generated by org.testng.reporters.JUnitReportReporter -->
<testsuite hostname="INHYLP0031" failures="0" tests="1" name="digital_link.CreateDigitalLink" time="2.948" errors="0" timestamp="2023-06-22T18:32:51 IST" skipped="0">
  <testcase classname="digital_link.CreateDigitalLink" name="digital_link" time="2.948"/>
  <system-out/>
</testsuite> <!-- digital_link.CreateDigitalLink -->
