<?xml version="1.0" encoding="UTF-8"?>
<!-- Generated by org.testng.reporters.JUnitReportReporter -->
<testsuite hostname="INHYLP0031" failures="0" tests="1" name="store.DeleteStore3821804037884625" time="3.760" errors="0" timestamp="2023-06-23T17:05:30 IST" skipped="0">
  <testcase classname="store.DeleteStore3821804037884625" name="deleteStore" time="3.760"/>
  <system-out/>
</testsuite> <!-- store.DeleteStore3821804037884625 -->
