<?xml version="1.0" encoding="UTF-8"?>
<!-- Generated by org.testng.reporters.JUnitReportReporter -->
<testsuite hostname="INHYLP0031" failures="0" tests="1" name="Promotion.taxRatecreation" time="2.744" errors="0" timestamp="2023-06-21T17:15:27 IST" skipped="0">
  <testcase classname="Promotion.taxRatecreation" name="tax" time="2.744"/>
  <system-out/>
</testsuite> <!-- Promotion.taxRatecreation -->
