<?xml version="1.0" encoding="UTF-8"?>
<!-- Generated by org.testng.reporters.JUnitReportReporter -->
<testsuite hostname="INHYLP0031" failures="0" tests="1" name="wishlists.CreateWishlist" time="2.642" errors="0" timestamp="2023-06-22T12:08:17 IST" skipped="0">
  <testcase classname="wishlists.CreateWishlist" name="wishlist" time="2.642"/>
  <system-out/>
</testsuite> <!-- wishlists.CreateWishlist -->
