<?xml version="1.0" encoding="UTF-8"?>
<!-- Generated by org.testng.reporters.JUnitReportReporter -->
<testsuite hostname="INHYLP0031" failures="0" tests="1" name="promotions.CreatePromotion" time="4.767" errors="0" timestamp="2023-06-23T15:43:37 IST" skipped="0">
  <testcase classname="promotions.CreatePromotion" name="promotion" time="4.767"/>
  <system-out/>
</testsuite> <!-- promotions.CreatePromotion -->
