<?xml version="1.0" encoding="UTF-8"?>
<!-- Generated by org.testng.reporters.JUnitReportReporter -->
<testsuite hostname="INHYLP0031" failures="0" tests="4" name="Authorization.one_token" time="10.327" errors="0" timestamp="2023-06-23T16:55:56 IST" skipped="0">
  <testcase classname="Authorization.one_token" name="loginApi" time="5.032"/>
  <system-out/>
  <testcase classname="Authorization.one_token" name="oath" time="1.484"/>
  <system-out/>
  <testcase classname="Authorization.one_token" name="oauth" time="1.785"/>
  <system-out/>
  <testcase classname="Authorization.one_token" name="Final_token" time="2.026"/>
  <system-out/>
</testsuite> <!-- Authorization.one_token -->
