<?xml version="1.0" encoding="UTF-8"?>
<!-- Generated by org.testng.reporters.JUnitReportReporter -->
<testsuite hostname="INHYLP0031" failures="0" tests="4" name="Authorization.one_token" time="10.991" errors="0" timestamp="2023-06-22T14:26:21 IST" skipped="0">
  <testcase classname="Authorization.one_token" name="loginApi" time="5.202"/>
  <system-out/>
  <testcase classname="Authorization.one_token" name="oath" time="1.614"/>
  <system-out/>
  <testcase classname="Authorization.one_token" name="oauth" time="2.258"/>
  <system-out/>
  <testcase classname="Authorization.one_token" name="Final_token" time="1.917"/>
  <system-out/>
</testsuite> <!-- Authorization.one_token -->
