<?xml version="1.0" encoding="UTF-8"?>
<!-- Generated by org.testng.reporters.JUnitReportReporter -->
<testsuite hostname="INHYLP0031" failures="0" tests="1" name="Adjustments.ReturnLlstofAdjustments" time="2.707" errors="0" timestamp="2023-06-22T18:39:17 IST" skipped="0">
  <testcase classname="Adjustments.ReturnLlstofAdjustments" name="return_adjustment" time="2.707"/>
  <system-out/>
</testsuite> <!-- Adjustments.ReturnLlstofAdjustments -->
