<?xml version="1.0" encoding="UTF-8"?>
<!-- Generated by org.testng.reporters.JUnitReportReporter -->
<testsuite hostname="INHYLP0031" failures="0" tests="1" name="store.GetStoreByID3821631160277877" time="3.466" errors="0" timestamp="2023-06-23T16:56:53 IST" skipped="0">
  <testcase classname="store.GetStoreByID3821631160277877" name="byid" time="3.466"/>
  <system-out/>
</testsuite> <!-- store.GetStoreByID3821631160277877 -->
