<?xml version="1.0" encoding="UTF-8"?>
<!-- Generated by org.testng.reporters.JUnitReportReporter -->
<testsuite hostname="INHYLP0031" failures="0" tests="1" name="store.EditStore3821628445419871" time="3.455" errors="0" timestamp="2023-06-23T16:56:33 IST" skipped="0">
  <testcase classname="store.EditStore3821628445419871" name="edit_stire" time="3.455"/>
  <system-out/>
</testsuite> <!-- store.EditStore3821628445419871 -->
