<?xml version="1.0" encoding="UTF-8"?>
<!-- Generated by org.testng.reporters.JUnitReportReporter -->
<testsuite hostname="INHYLP0031" failures="0" tests="1" name="meta_collections.Zones_create" time="2.834" errors="0" timestamp="2023-06-21T14:50:46 IST" skipped="0">
  <testcase classname="meta_collections.Zones_create" name="create_zone" time="2.834"/>
  <system-out/>
</testsuite> <!-- meta_collections.Zones_create -->
