<?xml version="1.0" encoding="UTF-8"?>
<!-- Generated by org.testng.reporters.JUnitReportReporter -->
<testsuite hostname="INHYLP0031" failures="0" tests="1" name="meta_collections.GetTheCurrencies_list_API" time="2.761" errors="0" timestamp="2023-06-21T13:22:20 IST" skipped="0">
  <testcase classname="meta_collections.GetTheCurrencies_list_API" name="Currency" time="2.761"/>
  <system-out/>
</testsuite> <!-- meta_collections.GetTheCurrencies_list_API -->
