<?xml version="1.0" encoding="UTF-8"?>
<!-- Generated by org.testng.reporters.JUnitReportReporter -->
<testsuite hostname="INHYLP0031" failures="0" tests="1" name="Authorization.UpdateNameOfApplication_keys" time="2.650" errors="0" timestamp="2023-06-21T13:04:05 IST" skipped="0">
  <testcase classname="Authorization.UpdateNameOfApplication_keys" name="update_name_appkey" time="2.650"/>
  <system-out/>
</testsuite> <!-- Authorization.UpdateNameOfApplication_keys -->
