<?xml version="1.0" encoding="UTF-8"?>
<!-- Generated by org.testng.reporters.JUnitReportReporter -->
<testsuite hostname="INHYLP0031" failures="0" tests="1" name="meta_collections.GetAllThe_zones" time="2.872" errors="0" timestamp="2023-06-21T14:34:44 IST" skipped="0">
  <testcase classname="meta_collections.GetAllThe_zones" name="zones" time="2.872"/>
  <system-out/>
</testsuite> <!-- meta_collections.GetAllThe_zones -->
