<?xml version="1.0" encoding="UTF-8"?>
<!-- Generated by org.testng.reporters.JUnitReportReporter -->
<testsuite hostname="INHYLP0031" failures="0" tests="1" name="Promotion.tax_categorycreation" time="2.745" errors="0" timestamp="2023-06-21T17:06:36 IST" skipped="0">
  <testcase classname="Promotion.tax_categorycreation" name="tax_create" time="2.745"/>
  <system-out/>
</testsuite> <!-- Promotion.tax_categorycreation -->
