<?xml version="1.0" encoding="UTF-8"?>
<!-- Generated by org.testng.reporters.JUnitReportReporter -->
<testsuite hostname="INHYLP0031" failures="0" tests="1" name="store.CreateStore3821312346153666" time="4.472" errors="0" timestamp="2023-06-23T16:20:15 IST" skipped="0">
  <testcase classname="store.CreateStore3821312346153666" name="store" time="4.472"/>
  <system-out/>
</testsuite> <!-- store.CreateStore3821312346153666 -->
