<?xml version="1.0" encoding="UTF-8"?>
<!-- Generated by org.testng.reporters.JUnitReportReporter -->
<testsuite hostname="INHYLP0031" failures="0" tests="1" name="store.GetStoreByIdAPI" time="2.687" errors="0" timestamp="2023-06-21T15:25:41 IST" skipped="0">
  <testcase classname="store.GetStoreByIdAPI" name="StoreById" time="2.687"/>
  <system-out/>
</testsuite> <!-- store.GetStoreByIdAPI -->
