<?xml version="1.0" encoding="UTF-8"?>
<!-- Generated by org.testng.reporters.JUnitReportReporter -->
<testsuite hostname="INHYLP0031" failures="0" tests="1" name="store.StoreCreditcategorycreation" time="2.727" errors="0" timestamp="2023-06-21T15:22:02 IST" skipped="0">
  <testcase classname="store.StoreCreditcategorycreation" name="storeCredit" time="2.727"/>
  <system-out/>
</testsuite> <!-- store.StoreCreditcategorycreation -->
