<?xml version="1.0" encoding="UTF-8"?>
<!-- Generated by org.testng.reporters.JUnitReportReporter -->
<testsuite hostname="INHYLP0031" failures="0" tests="1" name="store.DeleteStorebyId" time="2.714" errors="0" timestamp="2023-06-21T15:28:49 IST" skipped="0">
  <testcase classname="store.DeleteStorebyId" name="Deletestore" time="2.714"/>
  <system-out/>
</testsuite> <!-- store.DeleteStorebyId -->
