<?xml version="1.0" encoding="UTF-8"?>
<!-- Generated by org.testng.reporters.JUnitReportReporter -->
<testsuite hostname="INHYLP0031" failures="0" tests="1" name="Promotion.PaymentMethodCreation" time="2.882" errors="0" timestamp="2023-06-21T15:41:05 IST" skipped="0">
  <testcase classname="Promotion.PaymentMethodCreation" name="payment" time="2.882"/>
  <system-out/>
</testsuite> <!-- Promotion.PaymentMethodCreation -->
