<?xml version="1.0" encoding="UTF-8"?>
<!-- Generated by org.testng.reporters.JUnitReportReporter -->
<testsuite hostname="INHYLP0031" failures="0" tests="1" name="Promotion.Role_creation" time="2.665" errors="0" timestamp="2023-06-21T17:00:30 IST" skipped="0">
  <testcase classname="Promotion.Role_creation" name="role" time="2.665"/>
  <system-out/>
</testsuite> <!-- Promotion.Role_creation -->
