<?xml version="1.0" encoding="UTF-8"?>
<!-- Generated by org.testng.reporters.JUnitReportReporter -->
<testsuite hostname="INHYLP0031" failures="0" tests="1" name="store.GetListOfStores3821548006039960" time="3.328" errors="0" timestamp="2023-06-23T16:13:36 IST" skipped="0">
  <testcase classname="store.GetListOfStores3821548006039960" name="listStore" time="3.328"/>
  <system-out/>
</testsuite> <!-- store.GetListOfStores3821548006039960 -->
