<?xml version="1.0" encoding="UTF-8"?>
<!-- Generated by org.testng.reporters.JUnitReportReporter -->
<testsuite hostname="INHYLP0031" failures="0" tests="1" name="zones.ReturnaListOfZones" time="2.888" errors="0" timestamp="2023-06-22T11:38:00 IST" skipped="0">
  <testcase classname="zones.ReturnaListOfZones" name="returnZone" time="2.888"/>
  <system-out/>
</testsuite> <!-- zones.ReturnaListOfZones -->
