<?xml version="1.0" encoding="UTF-8"?>
<!-- Generated by org.testng.reporters.JUnitReportReporter -->
<testsuite hostname="INHYLP0031" failures="0" tests="1" name="store_credits.ReturnListOfStoreCredits" time="3.971" errors="0" timestamp="2023-06-22T14:33:24 IST" skipped="0">
  <testcase classname="store_credits.ReturnListOfStoreCredits" name="return_store" time="3.971"/>
  <system-out/>
</testsuite> <!-- store_credits.ReturnListOfStoreCredits -->
