<?xml version="1.0" encoding="UTF-8"?>
<!-- Generated by org.testng.reporters.JUnitReportReporter -->
<testsuite hostname="INHYLP0031" failures="0" tests="1" name="tanent.Login3821308368850916" time="3.381" errors="0" timestamp="2023-06-23T15:15:25 IST" skipped="0">
  <testcase classname="tanent.Login3821308368850916" name="login" time="3.381"/>
  <system-out/>
</testsuite> <!-- tanent.Login3821308368850916 -->
