<?xml version="1.0" encoding="UTF-8"?>
<!-- Generated by org.testng.reporters.JUnitReportReporter -->
<testsuite hostname="INHYLP0031" failures="0" tests="1" name="Products.EditProduct3821632270118121" time="3.608" errors="0" timestamp="2023-06-23T17:13:11 IST" skipped="0">
  <testcase classname="Products.EditProduct3821632270118121" name="editproduct" time="3.608"/>
  <system-out/>
</testsuite> <!-- Products.EditProduct3821632270118121 -->
