<?xml version="1.0" encoding="UTF-8"?>
<!-- Generated by org.testng.reporters.JUnitReportReporter -->
<testsuite hostname="INHYLP0031" failures="0" tests="1" name="meta_collections.GetAllTheLocaleAPI" time="2.871" errors="0" timestamp="2023-06-21T14:27:39 IST" skipped="0">
  <testcase classname="meta_collections.GetAllTheLocaleAPI" name="Get_local" time="2.871"/>
  <system-out/>
</testsuite> <!-- meta_collections.GetAllTheLocaleAPI -->
