<?xml version="1.0" encoding="UTF-8"?>
<!-- Generated by org.testng.reporters.JUnitReportReporter -->
<testsuite hostname="INHYLP0031" failures="0" tests="1" name="store.Create" time="2.835" errors="0" timestamp="2023-06-21T15:01:23 IST" skipped="0">
  <testcase classname="store.Create" name="cr_zone" time="2.835"/>
  <system-out/>
</testsuite> <!-- store.Create -->
