<?xml version="1.0" encoding="UTF-8"?>
<!-- Generated by org.testng.reporters.JUnitReportReporter -->
<testsuite hostname="INHYLP0031" failures="0" tests="1" name="promotions.Create_Promotion" time="3.182" errors="0" timestamp="2023-06-23T15:46:49 IST" skipped="0">
  <testcase classname="promotions.Create_Promotion" name="promotion" time="3.182"/>
  <system-out/>
</testsuite> <!-- promotions.Create_Promotion -->
