<?xml version="1.0" encoding="UTF-8"?>
<!-- Generated by org.testng.reporters.JUnitReportReporter -->
<testsuite hostname="INHYLP0031" failures="0" tests="1" name="menu_items.ReturnListofMenuItems" time="2.829" errors="0" timestamp="2023-06-22T17:52:50 IST" skipped="0">
  <testcase classname="menu_items.ReturnListofMenuItems" name="return_menuitems" time="2.829"/>
  <system-out/>
</testsuite> <!-- menu_items.ReturnListofMenuItems -->
