<?xml version="1.0" encoding="UTF-8"?>
<!-- Generated by org.testng.reporters.JUnitReportReporter -->
<testsuite hostname="INHYLP0031" failures="0" tests="1" name="Authorization.Getlistofallapplicationskeys" time="2.642" errors="0" timestamp="2023-06-22T10:50:19 IST" skipped="0">
  <testcase classname="Authorization.Getlistofallapplicationskeys" name="Get_appkey" time="2.642"/>
  <system-out/>
</testsuite> <!-- Authorization.Getlistofallapplicationskeys -->
