<?xml version="1.0" encoding="UTF-8"?>
<!-- Generated by org.testng.reporters.JUnitReportReporter -->
<testsuite hostname="INHYLP0031" failures="0" tests="1" name="Promotion.PromotionsCreation" time="2.856" errors="0" timestamp="2023-06-21T15:34:46 IST" skipped="0">
  <testcase classname="Promotion.PromotionsCreation" name="promotion" time="2.856"/>
  <system-out/>
</testsuite> <!-- Promotion.PromotionsCreation -->
