<?xml version="1.0" encoding="UTF-8"?>
<!-- Generated by org.testng.reporters.JUnitReportReporter -->
<testsuite hostname="INHYLP0031" failures="0" tests="1" name="store.EditStoreAPI" time="2.737" errors="0" timestamp="2023-06-21T15:18:37 IST" skipped="0">
  <testcase classname="store.EditStoreAPI" name="putStore" time="2.737"/>
  <system-out/>
</testsuite> <!-- store.EditStoreAPI -->
