<?xml version="1.0" encoding="UTF-8"?>
<!-- Generated by org.testng.reporters.JUnitReportReporter -->
<testsuite hostname="INHYLP0031" failures="0" tests="1" name="tanent.CreateKey3821301861679913" time="2.599" errors="0" timestamp="2023-06-23T15:16:14 IST" skipped="0">
  <testcase classname="tanent.CreateKey3821301861679913" name="Create_key" time="2.599"/>
  <system-out/>
</testsuite> <!-- tanent.CreateKey3821301861679913 -->
