<?xml version="1.0" encoding="UTF-8"?>
<!-- Generated by org.testng.reporters.JUnitReportReporter -->
<testsuite hostname="INHYLP0031" failures="0" tests="1" name="meta_collections.Get_the_countries_list_API_according_to_tenant" time="2.803" errors="0" timestamp="2023-06-21T12:41:13 IST" skipped="0">
  <testcase classname="meta_collections.Get_the_countries_list_API_according_to_tenant" name="countries" time="2.803"/>
  <system-out/>
</testsuite> <!-- meta_collections.Get_the_countries_list_API_according_to_tenant -->
