<?xml version="1.0" encoding="UTF-8"?>
<!-- Generated by org.testng.reporters.JUnitReportReporter -->
<testsuite hostname="INHYLP0031" failures="0" tests="1" name="store.GetAllStoresApi" time="3.273" errors="0" timestamp="2023-06-21T15:13:44 IST" skipped="0">
  <testcase classname="store.GetAllStoresApi" name="all_store" time="3.273"/>
  <system-out/>
</testsuite> <!-- store.GetAllStoresApi -->
